{
  "RSpec": {
    "coverage": {
      "/Users/jackshields/Desktop/projects/oystercard/spec/oystercard_spec.rb": {
        "lines": [
          1,
          null,
          1,
          1,
          1,
          null,
          null,
          null,
          1,
          null,
          null,
          null,
          1,
          4,
          null,
          null,
          1,
          1,
          1,
          2,
          null,
          null,
          1,
          4,
          null,
          null,
          null,
          null,
          null,
          null,
          null,
          null,
          null,
          null,
          null,
          1,
          1,
          null,
          null,
          1,
          1,
          0,
          null,
          null,
          1,
          null,
          null,
          2,
          null,
          null,
          1,
          1,
          0,
          0,
          null,
          null,
          null
        ]
      },
      "/Users/jackshields/Desktop/projects/oystercard/lib/oystercard.rb": {
        "lines": [
          1,
          1,
          1,
          null,
          1,
          8,
          8,
          null,
          null,
          1,
          3,
          2,
          null,
          null,
          1,
          1,
          null,
          null,
          1,
          3,
          0,
          null,
          null,
          1,
          1,
          null,
          null,
          1,
          0,
          null,
          null
        ]
      }
    },
    "timestamp": 1610387336
  }
}
