{
  "RSpec": {
    "coverage": {
      "/Users/seanedwards/Makers/january/oystercard/spec/oystercard_spec.rb": {
        "lines": [
          1,
          null,
          1,
          5,
          null,
          null,
          1,
          1,
          null,
          null,
          1,
          1,
          null,
          null,
          1,
          2,
          null,
          null,
          1,
          4,
          null,
          null,
          1,
          1,
          2,
          null,
          null,
          null,
          1,
          1,
          null,
          null,
          1,
          1,
          1,
          1,
          1,
          null,
          null,
          1,
          1,
          4,
          null,
          null,
          null,
          1,
          null,
          1,
          1,
          null,
          null,
          1,
          1,
          2,
          null,
          null,
          null
        ]
      },
      "/Users/seanedwards/Makers/january/oystercard/lib/oystercard.rb": {
        "lines": [
          1,
          1,
          1,
          1,
          1,
          1,
          null,
          1,
          10,
          10,
          null,
          null,
          1,
          2,
          1,
          null,
          null,
          1,
          4,
          3,
          null,
          null,
          1,
          3,
          null,
          null,
          1,
          2,
          2,
          null,
          null,
          1,
          null,
          1,
          2,
          null,
          null,
          null
        ]
      }
    },
    "timestamp": 1610462075
  }
}
